<?xml version="1.0" encoding="utf-8"?><testsuites name="pytest tests"><testsuite name="pytest" errors="0" failures="0" skipped="0" tests="11" time="3.662" timestamp="2026-08-26T16:18:12.658452+00:00" hostname="agent-env-dae694ef-1019-4ad9-9e78-c80f03850e79"><testcase classname="tests.test_pricing.TestGuards" name="test_verify_unknown_order_404" time="0.453" /><testcase classname="tests.test_pricing.TestCreateOrderPricing" name="test_expired_session_still_290" time="1.672" /><testcase classname="tests.test_pricing.TestGuards" name="test_order_not_found" time="0.850" /><testcase classname="tests.test_pricing.TestGuards" name="test_download_unpaid_forbidden" time="0.451" /><testcase classname="tests.test_pricing.TestCreateOrderPricing" name="test_null_session_still_290" time="0.436" /><testcase classname="tests.test_pricing.TestGuards" name="test_recent_sales" time="0.308" /><testcase classname="tests.test_pricing.TestConfig" name="test_config_price" time="0.082" /><testcase classname="tests.test_pricing.TestCreateOrderPricing" name="test_active_session_still_290" time="0.388" /><testcase classname="tests.test_pricing.TestCreateOrderPricing" name="test_garbage_session_still_290" time="0.359" /><testcase classname="tests.test_pricing.TestCreateOrderPricing" name="test_invalid_email_rejected" time="0.145" /><testcase classname="tests.test_pricing.TestCreateOrderPricing" name="test_missing_name_rejected" time="0.118" /></testsuite></testsuites>